@!@!@STARTMSG 2262:0 @!@!@
TLC2 Version 2.13 of 18 July 2018
@!@!@ENDMSG 2262 @!@!@
@!@!@STARTMSG 2187:0 @!@!@
Running breadth-first search Model-Checking with fp 43 and seed 4470262624183824372 with 2 workers on 4 cores with 608MB heap and 1365MB offheap memory [pid: 26578] (Mac OS X 10.14 x86_64, AdoptOpenJDK 11.0.2 x86_64, OffHeapDiskFPSet, DiskStateQueue).
@!@!@ENDMSG 2187 @!@!@
@!@!@STARTMSG 2220:0 @!@!@
Starting SANY...
@!@!@ENDMSG 2220 @!@!@
Parsing file /Users/amlan/Documents/codebase/github/UB_Courses/CSE_715_Software_Verification/tla/Untitled.toolbox/Model_1/MC.tla
Parsing file /Users/amlan/Documents/codebase/github/UB_Courses/CSE_715_Software_Verification/tla/Untitled.toolbox/Model_1/Simpleprogram.tla
Parsing file /private/var/folders/bg/8qs8vc_s413cv5pqbkldkz0c0000gn/T/AppTranslocation/538322C2-1026-4EE1-A5A4-0279A79C9E8C/d/TLA+ Toolbox.app/Contents/Eclipse/plugins/org.lamport.tlatools_1.0.0.201903281902/tla2sany/StandardModules/TLC.tla
Parsing file /private/var/folders/bg/8qs8vc_s413cv5pqbkldkz0c0000gn/T/AppTranslocation/538322C2-1026-4EE1-A5A4-0279A79C9E8C/d/TLA+ Toolbox.app/Contents/Eclipse/plugins/org.lamport.tlatools_1.0.0.201903281902/tla2sany/StandardModules/Integers.tla
Parsing file /private/var/folders/bg/8qs8vc_s413cv5pqbkldkz0c0000gn/T/AppTranslocation/538322C2-1026-4EE1-A5A4-0279A79C9E8C/d/TLA+ Toolbox.app/Contents/Eclipse/plugins/org.lamport.tlatools_1.0.0.201903281902/tla2sany/StandardModules/Naturals.tla
Parsing file /private/var/folders/bg/8qs8vc_s413cv5pqbkldkz0c0000gn/T/AppTranslocation/538322C2-1026-4EE1-A5A4-0279A79C9E8C/d/TLA+ Toolbox.app/Contents/Eclipse/plugins/org.lamport.tlatools_1.0.0.201903281902/tla2sany/StandardModules/Sequences.tla
Parsing file /private/var/folders/bg/8qs8vc_s413cv5pqbkldkz0c0000gn/T/AppTranslocation/538322C2-1026-4EE1-A5A4-0279A79C9E8C/d/TLA+ Toolbox.app/Contents/Eclipse/plugins/org.lamport.tlatools_1.0.0.201903281902/tla2sany/StandardModules/FiniteSets.tla
Semantic processing of module Naturals
Semantic processing of module Integers
Semantic processing of module Simpleprogram
Semantic processing of module Sequences
Semantic processing of module FiniteSets
Semantic processing of module TLC
Semantic processing of module MC
@!@!@STARTMSG 2219:0 @!@!@
SANY finished.
@!@!@ENDMSG 2219 @!@!@
@!@!@STARTMSG 2185:0 @!@!@
Starting... (2019-03-29 03:08:29)
@!@!@ENDMSG 2185 @!@!@
@!@!@STARTMSG 2189:0 @!@!@
Computing initial states...
@!@!@ENDMSG 2189 @!@!@
@!@!@STARTMSG 2190:0 @!@!@
Finished computing initial states: 1 distinct state generated at 2019-03-29 03:08:32.
@!@!@ENDMSG 2190 @!@!@
@!@!@STARTMSG 2114:1 @!@!@
Deadlock reached.
@!@!@ENDMSG 2114 @!@!@
@!@!@STARTMSG 2121:1 @!@!@
The behavior up to this point is:
@!@!@ENDMSG 2121 @!@!@
@!@!@STARTMSG 2217:4 @!@!@
1: <Initial predicate>
/\ i = 0
/\ pc = "start"

@!@!@ENDMSG 2217 @!@!@
@!@!@STARTMSG 2217:4 @!@!@
2: <Pick line 7, col 9 to line 9, col 25 of module Simpleprogram>
/\ i = 0
/\ pc = "middle"

@!@!@ENDMSG 2217 @!@!@
@!@!@STARTMSG 2217:4 @!@!@
3: <Add1 line 11, col 9 to line 13, col 23 of module Simpleprogram>
/\ i = 1
/\ pc = "done"

@!@!@ENDMSG 2217 @!@!@
@!@!@STARTMSG 2201:0 @!@!@
The coverage statistics at 2019-03-29 03:08:33
@!@!@ENDMSG 2201 @!@!@
@!@!@STARTMSG 2773:0 @!@!@
<Init line 5, col 1 to line 5, col 4 of module Simpleprogram>: 2
@!@!@ENDMSG 2773 @!@!@
@!@!@STARTMSG 2221:0 @!@!@
  line 5, col 9 to line 5, col 33 of module Simpleprogram: 2
@!@!@ENDMSG 2221 @!@!@
@!@!@STARTMSG 2772:0 @!@!@
<Pick line 7, col 1 to line 7, col 4 of module Simpleprogram>: 1001:2002
@!@!@ENDMSG 2772 @!@!@
@!@!@STARTMSG 2221:0 @!@!@
  line 7, col 12 to line 7, col 23 of module Simpleprogram: 24
@!@!@ENDMSG 2221 @!@!@
@!@!@STARTMSG 2221:0 @!@!@
  |line 7, col 12 to line 7, col 13 of module Simpleprogram: 22
@!@!@ENDMSG 2221 @!@!@
@!@!@STARTMSG 2221:0 @!@!@
  line 8, col 12 to line 8, col 25 of module Simpleprogram: 2002
@!@!@ENDMSG 2221 @!@!@
@!@!@STARTMSG 2221:0 @!@!@
  |line 8, col 19 to line 8, col 25 of module Simpleprogram: 2
@!@!@ENDMSG 2221 @!@!@
@!@!@STARTMSG 2221:0 @!@!@
  line 9, col 12 to line 9, col 25 of module Simpleprogram: 2002
@!@!@ENDMSG 2221 @!@!@
@!@!@STARTMSG 2772:0 @!@!@
<Add1 line 11, col 1 to line 11, col 4 of module Simpleprogram>: 18:19
@!@!@ENDMSG 2772 @!@!@
@!@!@STARTMSG 2221:0 @!@!@
  line 11, col 12 to line 11, col 24 of module Simpleprogram: 40
@!@!@ENDMSG 2221 @!@!@
@!@!@STARTMSG 2221:0 @!@!@
  |line 11, col 12 to line 11, col 13 of module Simpleprogram: 21
@!@!@ENDMSG 2221 @!@!@
@!@!@STARTMSG 2221:0 @!@!@
  line 12, col 12 to line 12, col 21 of module Simpleprogram: 19
@!@!@ENDMSG 2221 @!@!@
@!@!@STARTMSG 2221:0 @!@!@
  line 13, col 12 to line 13, col 23 of module Simpleprogram: 19
@!@!@ENDMSG 2221 @!@!@
@!@!@STARTMSG 2202:0 @!@!@
End of statistics.
@!@!@ENDMSG 2202 @!@!@
@!@!@STARTMSG 2200:0 @!@!@
Progress(3) at 2019-03-29 03:08:33: 1,020 states generated (20,851 s/min), 1,020 distinct states found (20,851 ds/min), 1,000 states left on queue.
@!@!@ENDMSG 2200 @!@!@
@!@!@STARTMSG 2199:0 @!@!@
1020 states generated, 1020 distinct states found, 1000 states left on queue.
@!@!@ENDMSG 2199 @!@!@
@!@!@STARTMSG 2194:0 @!@!@
The depth of the complete state graph search is 3.
@!@!@ENDMSG 2194 @!@!@
@!@!@STARTMSG 2268:0 @!@!@
The average outdegree of the complete state graph is 3 (minimum is 1, the maximum 31 and the 95th percentile is 31).
@!@!@ENDMSG 2268 @!@!@
@!@!@STARTMSG 2186:0 @!@!@
Finished in 4181ms at (2019-03-29 03:08:33)
@!@!@ENDMSG 2186 @!@!@
