@!@!@STARTMSG 2262:0 @!@!@
TLC2 Version 2.13 of 18 July 2018
@!@!@ENDMSG 2262 @!@!@
@!@!@STARTMSG 2187:0 @!@!@
Running breadth-first search Model-Checking with fp 84 and seed -8392795571948970659 with 2 workers on 4 cores with 608MB heap and 1365MB offheap memory [pid: 92552] (Mac OS X 10.14 x86_64, AdoptOpenJDK 11.0.2 x86_64, OffHeapDiskFPSet, DiskStateQueue).
@!@!@ENDMSG 2187 @!@!@
@!@!@STARTMSG 2220:0 @!@!@
Starting SANY...
@!@!@ENDMSG 2220 @!@!@
Parsing file /Users/amlan/Documents/codebase/github/UB_Courses/CSE_715_Software_Verification/tla/ABSpec.toolbox/Model_1/MC.tla
Parsing file /Users/amlan/Documents/codebase/github/UB_Courses/CSE_715_Software_Verification/tla/ABSpec.toolbox/Model_1/ABSpec.tla
Parsing file /private/var/folders/bg/8qs8vc_s413cv5pqbkldkz0c0000gn/T/AppTranslocation/A2450370-7C79-47DD-B838-145A42F18320/d/TLA+ Toolbox.app/Contents/Eclipse/plugins/org.lamport.tlatools_1.0.0.201903281902/tla2sany/StandardModules/TLC.tla
Parsing file /private/var/folders/bg/8qs8vc_s413cv5pqbkldkz0c0000gn/T/AppTranslocation/A2450370-7C79-47DD-B838-145A42F18320/d/TLA+ Toolbox.app/Contents/Eclipse/plugins/org.lamport.tlatools_1.0.0.201903281902/tla2sany/StandardModules/Integers.tla
Parsing file /private/var/folders/bg/8qs8vc_s413cv5pqbkldkz0c0000gn/T/AppTranslocation/A2450370-7C79-47DD-B838-145A42F18320/d/TLA+ Toolbox.app/Contents/Eclipse/plugins/org.lamport.tlatools_1.0.0.201903281902/tla2sany/StandardModules/Naturals.tla
Parsing file /private/var/folders/bg/8qs8vc_s413cv5pqbkldkz0c0000gn/T/AppTranslocation/A2450370-7C79-47DD-B838-145A42F18320/d/TLA+ Toolbox.app/Contents/Eclipse/plugins/org.lamport.tlatools_1.0.0.201903281902/tla2sany/StandardModules/Sequences.tla
Parsing file /private/var/folders/bg/8qs8vc_s413cv5pqbkldkz0c0000gn/T/AppTranslocation/A2450370-7C79-47DD-B838-145A42F18320/d/TLA+ Toolbox.app/Contents/Eclipse/plugins/org.lamport.tlatools_1.0.0.201903281902/tla2sany/StandardModules/FiniteSets.tla
Semantic processing of module Naturals
Semantic processing of module Integers
Semantic processing of module ABSpec
Semantic processing of module Sequences
Semantic processing of module FiniteSets
Semantic processing of module TLC
Semantic processing of module MC
@!@!@STARTMSG 2219:0 @!@!@
SANY finished.
@!@!@ENDMSG 2219 @!@!@
@!@!@STARTMSG 2185:0 @!@!@
Starting... (2019-04-12 01:52:51)
@!@!@ENDMSG 2185 @!@!@
@!@!@STARTMSG 1000:1 @!@!@
TLC threw an unexpected exception.
This was probably caused by an error in the spec or model.
See the User Output or TLC Console for clues to what happened.
The exception was a java.lang.RuntimeException
: @!@!@STARTMSG 2146:0 @!@!@
The invariant Liv is not a state predicate (one with no primes or temporal operators).
@!@!@ENDMSG 2146 @!@!@
@!@!@ENDMSG 1000 @!@!@
@!@!@STARTMSG 2186:0 @!@!@
Finished in 455ms at (2019-04-12 01:52:51)
@!@!@ENDMSG 2186 @!@!@
